(node:72605) [DEP0040] DeprecationWarning: The `punycode` module is deprecated. Please use a userland alternative instead.
(Use `node --trace-deprecation ...` to show where the warning was created)
Server is running on http://localhost:3001
@notionhq/client warn: request fail { code: 'unauthorized', message: 'API token is invalid.' }
Error fetching definitions: APIResponseError: API token is invalid.
    at buildRequestError (/app/node_modules/@notionhq/client/build/src/errors.js:162:16)
    at Client.request (/app/node_modules/@notionhq/client/build/src/Client.js:408:54)
    at process.processTicksAndRejections (node:internal/process/task_queues:103:5)
    at async getTransactionDatabaseSchema (/app/server.js:196:16)
    at async /app/server.js:1790:26 {
  code: 'unauthorized',
  status: 401,
  headers: Headers {
    date: 'Thu, 16 Apr 2026 17:09:15 GMT',
    'content-type': 'application/json; charset=utf-8',
    'content-length': '139',
    connection: 'keep-alive',
    'cf-ray': '9ed4cbc7d8f6ef0e-ORD',
    'cf-cache-status': 'DYNAMIC',
    etag: 'W/"8b-+WggB6LZvwYclG/aI4ta6dDJbiQ"',
    server: 'cloudflare',
    'strict-transport-security': 'max-age=31536000; includeSubDomains; preload',
    vary: 'Accept-Encoding',
    'x-notion-request-id': '30497d55-a2bc-483f-ac01-57396caae5aa',
    'content-security-policy': "default-src 'none'",
    'x-dns-prefetch-control': 'off',
    'x-frame-options': 'SAMEORIGIN',
    'x-download-options': 'noopen',
    'x-content-type-options': 'nosniff',
    'x-permitted-cross-domain-policies': 'none',
    'referrer-policy': 'strict-origin-when-cross-origin',
    'x-xss-protection': '0',
    'set-cookie': '__cf_bm=6pylEN1OtcOQhS.WRq7foXIRzswJ6_n64sDTA7psKYQ-1776359348.4564786-1.0.1.1-BYZuAkU6FbiHuFM4DKhURelHkQ72aDGxidClvCnmLb_JvqTyG.LrrwBx889RfBhFotHKZ3P33_A_cwPqywKkEkLG2sfUjhJ8ET9LM7osQnJt9sV8H32hsEluubDS9yE4; HttpOnly; Secure; Path=/; Domain=notion.com; Expires=Thu, 16 Apr 2026 17:39:15 GMT',
    'alt-svc': 'h3=":443"; ma=86400'
  },
  body: '{"object":"error","status":401,"code":"unauthorized","message":"API token is invalid.","request_id":"30497d55-a2bc-483f-ac01-57396caae5aa"}'
}
@notionhq/client warn: request fail { code: 'unauthorized', message: 'API token is invalid.' }
Failed to fetch rules: APIResponseError: API token is invalid.
    at buildRequestError (/app/node_modules/@notionhq/client/build/src/errors.js:162:16)
    at Client.request (/app/node_modules/@notionhq/client/build/src/Client.js:408:54)
    at process.processTicksAndRejections (node:internal/process/task_queues:103:5)
    at async /app/server.js:1338:26 {
  code: 'unauthorized',
  status: 401,
  headers: Headers {
    date: 'Thu, 16 Apr 2026 17:09:15 GMT',
    'content-type': 'application/json; charset=utf-8',
    'content-length': '139',
    connection: 'keep-alive',
    'cf-ray': '9ed4cbc7cf611477-ORD',
    'cf-cache-status': 'DYNAMIC',
    etag: 'W/"8b-aZUbr5IauWZuwEz4cYV2FwW8+5o"',
    server: 'cloudflare',
    'strict-transport-security': 'max-age=31536000; includeSubDomains; preload',
    vary: 'Accept-Encoding',
    'x-notion-request-id': '69707d07-36d1-4f32-b4d7-4f4cccd73243',
    'content-security-policy': "default-src 'none'",
    'x-dns-prefetch-control': 'off',
    'x-frame-options': 'SAMEORIGIN',
    'x-download-options': 'noopen',
    'x-content-type-options': 'nosniff',
    'x-permitted-cross-domain-policies': 'none',
    'referrer-policy': 'strict-origin-when-cross-origin',
    'x-xss-protection': '0',
    'set-cookie': '__cf_bm=PdHZDK5LHuXmBd8MYuMPGKo7vJe9sEmbVU0nCmq3VIQ-1776359348.445363-1.0.1.1-pe4hSQAwAjEaHwwPWonJ4ELC6uyRDyjUb0p_XKiQUW2CUqEcXtoWjdfaLZH0MmFC4amCPa6UU5TR0oIY3cH_ccptoIvTNMH8iwxXGgegTyob5Jcz0jvWUrvuxAt_aeEC; HttpOnly; Secure; Path=/; Domain=notion.com; Expires=Thu, 16 Apr 2026 17:39:15 GMT',
    'alt-svc': 'h3=":443"; ma=86400'
  },
  body: '{"object":"error","status":401,"code":"unauthorized","message":"API token is invalid.","request_id":"69707d07-36d1-4f32-b4d7-4f4cccd73243"}'
}
@notionhq/client warn: request fail { code: 'unauthorized', message: 'API token is invalid.' }
Failed to fetch available months: APIResponseError: API token is invalid.
    at buildRequestError (/app/node_modules/@notionhq/client/build/src/errors.js:162:16)
    at Client.request (/app/node_modules/@notionhq/client/build/src/Client.js:408:54)
    at process.processTicksAndRejections (node:internal/process/task_queues:103:5)
    at async /app/server.js:1383:20 {
  code: 'unauthorized',
  status: 401,
  headers: Headers {
    date: 'Thu, 16 Apr 2026 17:09:16 GMT',
    'content-type': 'application/json; charset=utf-8',
    'content-length': '139',
    connection: 'keep-alive',
    'cf-ray': '9ed4cbc93ff0f4e8-ORD',
    'cf-cache-status': 'DYNAMIC',
    etag: 'W/"8b-B33h8xxs19BMtluarot0heFOpCQ"',
    server: 'cloudflare',
    'strict-transport-security': 'max-age=31536000; includeSubDomains; preload',
    vary: 'Accept-Encoding',
    'x-notion-request-id': '0cd4b87e-ffbc-4ad6-aa98-b675e2f68dda',
    'content-security-policy': "default-src 'none'",
    'x-dns-prefetch-control': 'off',
    'x-frame-options': 'SAMEORIGIN',
    'x-download-options': 'noopen',
    'x-content-type-options': 'nosniff',
    'x-permitted-cross-domain-policies': 'none',
    'referrer-policy': 'strict-origin-when-cross-origin',
    'x-xss-protection': '0',
    'set-cookie': '__cf_bm=N60aR.qlpS2dNez7XC0Z_UKzfqOsJkg02aVZtOL8zlU-1776359348.6808183-1.0.1.1-64V81Vrew_BlR0eC92mc1lJGOCQ0ju9VDc3OQk.m8.EBWFsboe9ACd4pg783dhK2prRSDu_XdKZ.Y0UJTyaw.bl7vQBw8BUShb2hvcp_H0YikMIGOvRVb6zY7q.YynSL; HttpOnly; Secure; Path=/; Domain=notion.com; Expires=Thu, 16 Apr 2026 17:39:16 GMT',
    'alt-svc': 'h3=":443"; ma=86400'
  },
  body: '{"object":"error","status":401,"code":"unauthorized","message":"API token is invalid.","request_id":"0cd4b87e-ffbc-4ad6-aa98-b675e2f68dda"}'
}
@notionhq/client warn: request fail { code: 'unauthorized', message: 'API token is invalid.' }
Failed to fetch cards: APIResponseError: API token is invalid.
    at buildRequestError (/app/node_modules/@notionhq/client/build/src/errors.js:162:16)
    at Client.request (/app/node_modules/@notionhq/client/build/src/Client.js:408:54)
    at process.processTicksAndRejections (node:internal/process/task_queues:103:5)
    at async /app/server.js:1189:26 {
  code: 'unauthorized',
  status: 401,
  headers: Headers {
    date: 'Thu, 16 Apr 2026 17:09:16 GMT',
    'content-type': 'application/json; charset=utf-8',
    'content-length': '139',
    connection: 'keep-alive',
    'cf-ray': '9ed4cbc7da6b7b1b-ORD',
    'cf-cache-status': 'DYNAMIC',
    etag: 'W/"8b-KFPFTlRGq0zIovXRpNPaaDOfrRo"',
    server: 'cloudflare',
    'strict-transport-security': 'max-age=31536000; includeSubDomains; preload',
    vary: 'Accept-Encoding',
    'x-notion-request-id': 'e05c7e1e-5367-48be-99c0-461590cfb2f3',
    'content-security-policy': "default-src 'none'",
    'x-dns-prefetch-control': 'off',
    'x-frame-options': 'SAMEORIGIN',
    'x-download-options': 'noopen',
    'x-content-type-options': 'nosniff',
    'x-permitted-cross-domain-policies': 'none',
    'referrer-policy': 'strict-origin-when-cross-origin',
    'x-xss-protection': '0',
    'set-cookie': '__cf_bm=NTufYPZAB6SYrmt.WVqQYFt9qnwH85h26EeTCae__ZM-1776359348.4528618-1.0.1.1-Hm2dlPoOjzlU_J65usBEhxfh65uk.H7a9ABVuSLTqUIAEe2oS6zhl8GPlkf.nmVNZ11.kCcmKhcWwtkvygNr_5AAbBwXu7AemgYP1D8DiOEQXiITVtYQAaY6tTneUWo.; HttpOnly; Secure; Path=/; Domain=notion.com; Expires=Thu, 16 Apr 2026 17:39:16 GMT',
    'alt-svc': 'h3=":443"; ma=86400'
  },
  body: '{"object":"error","status":401,"code":"unauthorized","message":"API token is invalid.","request_id":"e05c7e1e-5367-48be-99c0-461590cfb2f3"}'
}
