(node:74457) [DEP0040] DeprecationWarning: The `punycode` module is deprecated. Please use a userland alternative instead.
(Use `node --trace-deprecation ...` to show where the warning was created)
Server is running on http://localhost:3001
Unhandled Notion property type: 'url' for key 'T&C'
Unhandled Notion property type: 'last_edited_time' for key 'Last edited time'
Unhandled Notion property type: 'url' for key 'Fees'
Unhandled Notion property type: 'url' for key 'T&C'
Unhandled Notion property type: 'last_edited_time' for key 'Last edited time'
Unhandled Notion property type: 'url' for key 'Fees'
Unhandled Notion property type: 'url' for key 'T&C'
Unhandled Notion property type: 'last_edited_time' for key 'Last edited time'
Unhandled Notion property type: 'url' for key 'Fees'
Unhandled Notion property type: 'url' for key 'T&C'
Unhandled Notion property type: 'last_edited_time' for key 'Last edited time'
Unhandled Notion property type: 'url' for key 'Fees'
Unhandled Notion property type: 'url' for key 'T&C'
Unhandled Notion property type: 'last_edited_time' for key 'Last edited time'
Unhandled Notion property type: 'url' for key 'Fees'
Unhandled Notion property type: 'url' for key 'T&C'
Unhandled Notion property type: 'last_edited_time' for key 'Last edited time'
Unhandled Notion property type: 'url' for key 'Fees'
Unhandled Notion property type: 'url' for key 'T&C'
Unhandled Notion property type: 'last_edited_time' for key 'Last edited time'
Unhandled Notion property type: 'url' for key 'Fees'
Unhandled Notion property type: 'url' for key 'T&C'
Unhandled Notion property type: 'last_edited_time' for key 'Last edited time'
Unhandled Notion property type: 'url' for key 'Fees'
Unhandled Notion property type: 'url' for key 'T&C'
Unhandled Notion property type: 'last_edited_time' for key 'Last edited time'
Unhandled Notion property type: 'url' for key 'Fees'
Unhandled Notion property type: 'url' for key 'T&C'
Unhandled Notion property type: 'last_edited_time' for key 'Last edited time'
Unhandled Notion property type: 'url' for key 'Fees'
